<?xml version="1.0" encoding="UTF-8"?>
<testng-results skipped="0" failed="0" total="1" passed="1">
  <reporter-output>
  </reporter-output>
  <suite name="Default suite" duration-ms="61573" started-at="2019-07-04T09:38:36Z" finished-at="2019-07-04T09:39:37Z">
    <groups>
    </groups>
    <test name="Default test" duration-ms="61573" started-at="2019-07-04T09:38:36Z" finished-at="2019-07-04T09:39:37Z">
      <class name="demo.runners.testRunner">
        <test-method status="PASS" signature="beforesuie()[pri:0, instance:demo.runners.testRunner@29774679]" name="beforesuie" is-config="true" duration-ms="7" started-at="2019-07-04T16:38:36Z" finished-at="2019-07-04T16:38:36Z">
          <reporter-output>
          </reporter-output>
        </test-method> <!-- beforesuie -->
        <test-method status="PASS" signature="runTCs()[pri:0, instance:demo.runners.testRunner@29774679]" name="runTCs" duration-ms="61559" started-at="2019-07-04T16:38:36Z" finished-at="2019-07-04T16:39:37Z">
          <reporter-output>
          </reporter-output>
        </test-method> <!-- runTCs -->
      </class> <!-- demo.runners.testRunner -->
    </test> <!-- Default test -->
  </suite> <!-- Default suite -->
</testng-results>
